         w __deregister_frame_info
         w __register_frame_info
         w userAppExit
         w userAppInit
00000000 00000802 B __ctru_dev_utf16_buf
00000000 A __sync_synchronize
00000000 b _TLS_MODULE_BASE_
00000000 a shift
00000000 a shift
00000804 00000401 B __ctru_dev_path_buf
00100000 A __start__
00100000 T _start
00100008 T __service_ptr
0010000c T __apt_appid
00100010 T __heap_size
00100014 T __linear_heap_size
00100018 T __system_arglist
0010001c T __system_runflags
00100020 t startup
00100058 t ClearMem
0010006c t ClrLoop
00100094 T _init
001000ac T __aeabi_idiv
001000ac 00000220 T __divsi3
001000b4 t .divsi3_skip_div0_test
001002cc 00000020 T __aeabi_idivmod
001002ec 00000004 W __aeabi_idiv0
001002ec 00000004 W __aeabi_ldiv0
001002f0 T __aeabi_uldivmod
00100348 00000390 T strcmp
001006d0 t .udivsi3_skip_div0_test
001006d0 T __aeabi_uidiv
001006d0 000001ec T __udivsi3
001008bc 00000020 T __aeabi_uidivmod
001008dc t __do_global_dtors_aux
0010092c t frame_dummy
00100958 000000b0 T playBadApple()
00100a08 000000c8 T main
00100ad0 000001c8 T consoleDrawChar
00100c98 00000170 T consolePrintChar
00100e08 00000c40 T con_write
00101a48 00000110 t newRow
00101b58 00000180 T consoleInit
00101cd8 000000b8 T consoleClear
00101d90 000000cc t gfxPresentFramebuffer
00101e5c 0000001c T gfxIsWide
00101e78 000000f8 T gfxSetScreenFormat
00101f70 00000010 T gfxSetDoubleBuffering
00101f80 000000d8 T gfxInit
00102058 00000010 T gfxInitDefault
00102068 000000b8 T gfxExit
00102120 000000a0 T gfxGetFramebuffer
001021c0 00000100 T gfxFlushBuffers
001022c0 00000050 T gfxSwapBuffers
00102310 00000050 T gfxSwapBuffersGpu
00102360 00000180 t aptConvertScreenForCapture
001024e0 00000008 W aptDspSleep
001024e8 00000004 W aptDspWakeup
001024ec 00000004 W aptDspCancel
001024f0 00000138 T aptSendCommand
00102628 00000044 t aptExitProcess
0010266c 00000394 T aptExit
00102a00 000000d8 T aptHandleSleep
00102ad8 00000084 T APT_SleepIfShellClosed
00102b5c 00000078 T aptSetSleepAllowed
00102bd4 00000084 T APT_UnlockTransition
00102c58 00000470 t aptEventHandler
001030c8 000000bc T APT_ReceiveParameter
00103184 000000b0 t aptReceiveParameter.constprop.0
00103238 00000294 t aptScreenTransfer
001034cc 000002d0 t aptWaitForWakeUp.isra.0
0010379c 000000f4 T aptJumpToHomeMenu
00103890 00000058 T aptMainLoop
001038e8 00000240 T aptInit
00103b28 00000090 T APT_CheckNew3DS
00103bb8 00000c70 t gspHardwareInit
00104828 00000280 T gspInit
00104aa8 00000110 T gspExit
00104bb8 00000010 T gspHasGpuRight
00104bc8 000000a4 T gspPresentBuffer
00104c6c 00000050 T gspWaitForEvent
00104cbc 00000004 W gxCmdQueueInterrupt
00104cc0 00000154 t gspEventThreadMain
00104e14 00000050 T GSPGPU_FlushDataCache
00104e64 00000034 T GSPGPU_SetLcdForceBlack
00104e98 00000080 T GSPGPU_AcquireRight
00104f18 0000005c T GSPGPU_ReleaseRight
00104f74 0000007c T GSPGPU_ImportDisplayCaptureInfo
00104ff0 0000002c T GSPGPU_SaveVramSysArea
0010501c 0000002c T GSPGPU_RestoreVramSysArea
00105048 00000024 W hidShouldUseIrrst
0010506c 000001cc T hidInit
00105238 000000e8 T hidExit
00105320 000002a0 T hidScanInput
001055c0 00000010 T hidKeysDown
001055d0 000001a4 T irrstInit
00105774 000000dc T irrstExit
00105850 000000b4 T irrstScanInput
00105904 00000024 T irrstKeysHeld
00105928 00000038 W __libctru_init
00105960 0000016c W __system_initArgv
00105acc 00000030 T __syscall_getreent
00105afc 00000004 T __syscall_lock_acquire
00105b00 00000004 T __syscall_lock_release
00105b04 00000004 T __syscall_lock_acquire_recursive
00105b08 00000004 T __syscall_lock_release_recursive
00105b0c 00000004 T __syscall_exit
00105b10 00000054 T initThreadVars
00105b64 00000080 T __system_initSyscalls
00105be4 T svcControlMemory
00105c04 T svcQueryMemory
00105c34 T svcExitProcess
00105c3c T svcCreateThread
00105c5c T svcExitThread
00105c64 T svcSleepThread
00105c6c T svcReleaseMutex
00105c74 T svcCreateEvent
00105c88 T svcSignalEvent
00105c90 T svcClearEvent
00105c98 T svcMapMemoryBlock
00105ca0 T svcUnmapMemoryBlock
00105ca8 T svcCreateAddressArbiter
00105cbc T svcArbitrateAddressNoTimeout
00105cc4 T svcCloseHandle
00105ccc T svcWaitSynchronization
00105cd4 T svcWaitSynchronizationN
00105cfc T svcDuplicateHandle
00105d10 T svcConnectToPort
00105d24 T svcSendSyncRequest
00105d2c T svcGetResourceLimit
00105d40 T svcGetResourceLimitLimitValues
00105d48 T svcGetResourceLimitCurrentValues
00105d50 T svcBreak
00105d58 W initSystem
00105da8 W __ctru_exit
00105dbc 00000024 t addrMapNodeComparator(rbtree_node const*, rbtree_node const*)
00105de0 00000004 t addrMapNodeDestructor(rbtree_node*)
00105de4 0000012c T linearMemAlign
00105f10 00000008 T linearAlloc
00105f18 0000005c T linearFree
00105f74 00000088 T MemPool::CoalesceRight(MemBlock*)
00105ffc 00000178 T MemPool::Allocate(MemChunk&, unsigned long, int)
00106174 00000118 T MemPool::Deallocate(MemChunk const&)
0010628c 00000030 T MemPool::GetFreeSpace()
001062bc 00000024 t addrMapNodeComparator(rbtree_node const*, rbtree_node const*)
001062e0 00000004 t addrMapNodeDestructor(rbtree_node*)
001062e4 00000248 T vramMemAlignAt
0010652c 0000000c T vramAlloc
00106538 00000094 T vramFree
001065cc 0000008c W envGetHandle
00106658 00000050 W envDestroyHandles
001066a8 00000034 T __ctru_speedup_config
001066dc 00000164 T srvInit
00106840 00000064 T srvExit
001068a4 00000060 T srvEnableNotification
00106904 000000a0 T srvGetServiceHandleDirect
001069a4 00000048 T srvGetServiceHandle
001069ec 00000034 T srvSubscribe
00106a20 00000060 T srvReceiveNotification
00106a80 00000038 T srvPublishToSubscriber
00106ab8 0000000c T __sync_init
00106ac4 00000018 T __sync_fini
00106adc 00000028 T syncArbitrateAddress
00106b04 000000ac T LightLock_Lock
00106bb0 00000040 T LightLock_Unlock
00106bf0 00000054 T RecursiveLock_Lock
00106c44 00000054 T RecursiveLock_Unlock
00106c98 00000044 T LightEvent_Init
00106cdc 000000b8 T LightEvent_Clear
00106d94 000000dc T LightEvent_Signal
00106e70 00000050 T LightEvent_TryWait
00106ec0 000000ac T LightEvent_Wait
00106f6c 000001fc T threadCreate
00107168 00000038 T threadFree
001071a0 00000024 T threadJoin
001071c4 00000030 T threadGetCurrent
001071f4 00000040 T threadExit
00107234 00000020 t _thread_begin
00107254 00000090 t mappableFindAddressWithin
001072e4 00000028 T mappableInit
0010730c 0000007c T mappableAlloc
00107388 00000004 T mappableFree
0010738c 00000078 T ptmSysmInit
00107404 0000003c T ptmSysmExit
00107440 00000034 T PTMSYSM_ConfigureNew3DSCPU
00107474 0000000c T srvPmGetSessionHandle
00107480 00000074 T rbtree_find
001074f4 00000010 T rbtree_init
00107504 00000198 t do_insert
0010769c 00000008 T rbtree_insert
001076a4 00000310 T rbtree_remove
001079b4 00000090 T rbtree_rotate
00107a48 000001e8 W __system_allocateHeaps
00107c30 00000030 W __appExit
00107c60 00000030 W __appInit
00107c90 00000090 W __libctru_exit
00107d20 00000014 t archive_link
00107d34 00000014 t archive_dirreset
00107d48 00000014 t archive_chmod
00107d5c 00000024 t error_cmp
00107d80 00000050 t archive_translate_error
00107dd0 000000c0 t archive_seek
00107e90 00000078 t _archiveInit.part.0
00107f08 000000d4 t archiveFindDevice.part.0
00107fdc 00000298 t archive_utf16path
00108274 00000098 t _archiveUnmountDeviceStruct.part.0
0010830c 00000014 t archive_statvfs
00108320 00000014 t archive_fchmod
00108334 00000178 t _archiveMountDevice
001084ac 000000f8 t archive_diropen
001085a4 000000ac t archive_fstat
00108650 00000074 t archive_fsync
001086c4 00000074 t archive_close
00108738 00000078 t archive_dirclose
001087b0 000000ec t sdmc_statvfs
0010889c 000000f8 t archive_chdir
00108994 0000008c t archive_ftruncate
00108a20 000000bc t archive_read
00108adc 000000a8 t archive_unlink
00108b84 000000c0 t archive_rmdir
00108c44 000000d8 t archive_mkdir
00108d1c 000001a0 t archive_stat
00108ebc 00000164 t archive_dirnext
00109020 0000013c t archive_write
00109160 00000254 t archive_open
001093b4 00000270 t archive_rename
00109624 000001c8 T archiveMountSdmc
001097ec 00000054 T archiveUnmountAll
00109840 00000104 T fsInit
00109944 0000003c T fsExit
00109980 00000068 T fsExemptFromSession
001099e8 00000050 T fsUnexemptFromSession
00109a38 000000cc T FSUSER_OpenFile
00109b04 000000b8 T FSUSER_DeleteFile
00109bbc 000000f4 T FSUSER_RenameFile
00109cb0 000000b8 T FSUSER_DeleteDirectory
00109d68 000000d0 T FSUSER_CreateFile
00109e38 000000c0 T FSUSER_CreateDirectory
00109ef8 000000f4 T FSUSER_RenameDirectory
00109fec 000000b4 T FSUSER_OpenDirectory
0010a0a0 00000090 T FSUSER_OpenArchive
0010a130 0000008c T FSUSER_CloseArchive
0010a1bc 00000074 T FSUSER_GetSdmcArchiveResource
0010a230 00000064 T FSUSER_IsSdmcWritable
0010a294 00000064 T FSFILE_Read
0010a2f8 0000006c T FSFILE_Write
0010a364 00000044 T FSFILE_GetSize
0010a3a8 00000028 T FSFILE_SetSize
0010a3d0 0000003c T FSFILE_Close
0010a40c 00000024 T FSFILE_Flush
0010a430 00000060 T FSDIR_Read
0010a490 0000003c T FSDIR_Close
0010a4cc 00000060 T rbtree_node_next
0010a52c 00000140 T decode_utf8
0010a66c 000000e8 T utf16_to_utf8
0010a754 000000c0 T utf8_to_utf16
0010a814 T __aeabi_read_tp
0010a820 00000054 T decode_utf16
0010a874 00000054 T encode_utf16
0010a8c8 000000e0 T encode_utf8
0010a9a8 00000130 T __udivmoddi4
0010aad8 000000d8 T strncmp
0010abb0 0000008c T strlen
0010ac3c 0000001c t stdio_exit_handler
0010ac58 0000005c t cleanup_stdio
0010acb4 00000154 t global_stdio_init.part.0
0010ae08 0000005c T __sinit
0010ae64 0000000c T __sfp_lock_acquire
0010ae70 0000000c T __sfp_lock_release
0010ae7c 000001ec t _strtoul_l.isra.0
0010b068 0000003c T strtoul
0010b0a4 00000084 T __libc_init_array
0010b128 0000009c T strncat
0010b1c4 00000070 T _fwalk_sglue
0010b234 00000078 T bsearch
0010b2ac 0000000c T __errno
0010b2b8 000000e0 T _puts_r
0010b398 00000020 T puts
0010b3b8 00000028 T memalign
0010b3e0 0000082c T _malloc_r
0010bc0c 00000114 T _malloc_trim_r
0010bd20 00000314 T _free_r
0010c034 00000034 T printf
0010c068 0000003c T strnlen
0010c0a4 00000040 T malloc
0010c0e4 00000020 T free
0010c104 0000022c T __sflush_r
0010c330 000000c4 T _fflush_r
0010c3f4 000000e4 T memset
0010c4d8 0000000c T __malloc_lock
0010c4e4 0000000c T __malloc_unlock
0010c4f0 00000004 W __call_exitprocs
0010c4f4 00000030 T exit
0010c524 00000294 T setvbuf
0010c7b8 000000d4 T strncpy
0010c88c 0000012c T memcpy
0010c9b8 000004a4 T __sfvwrite_r
0010ce5c 00000044 T __sread
0010cea0 00000068 T __swrite
0010cf08 00000040 T __sseek
0010cf48 00000008 T __sclose
0010cf50 0000016c T memmove
0010d0bc 00000144 T _fclose_r
0010d200 0000016c T _memalign_r
0010d36c 000005e0 t get_arg
0010d950 00003554 T _vfprintf_r
00110ea4 000000b4 t __sbprintf
00110f58 000000e8 T memchr
00111040 000001c0 t quorem
00111200 000013f0 T _dtoa_r
001125f0 000000a0 T _wcrtomb_r
00112690 0000003c T __libc_fini_array
001126cc 00000164 T __smakebuf_r
00112830 00000090 T __swhatbuf_r
001128c0 000004f0 T _realloc_r
00112db0 00000028 T _wcsrtombs_r
00112dd8 00000140 T __swsetup_r
00112f18 00000088 T frexp
00112fa0 0000005c T __assert_func
00112ffc 00000088 T _Balloc
00113084 0000001c T _Bfree
001130a0 000000f4 T __multadd
00113194 00000080 T __hi0bits
00113214 000000f0 T __lo0bits
00113304 000000a4 T __i2b
001133a8 00000230 T __multiply
001135d8 00000130 T __pow5mult
00113708 00000138 T __lshift
00113840 00000058 T __mcmp
00113898 00000218 T __mdiff
00113ab0 00000120 T __d2b
00113bd0 00000024 T __locale_mb_cur_max
00113bf4 0000003c T fiprintf
00113c30 0000015c T _wcsnrtombs_l
00113d8c 00000064 T _wcsnrtombs_r
00113df0 00000340 T __utf8_mbtowc
00114130 00000030 T __sprint_r
00114160 00000014 T abort
00114174 00000024 T _localeconv_r
00114198 000000d8 T _calloc_r
00114270 000000f8 T __utf8_wctomb
00114368 00000140 T strchr
001144a8 0000009c T _raise_r
00114544 00000020 T raise
00114564 000005e0 t get_arg
00114b44 000022f8 T _vfiprintf_r
00116e3c 000000b4 t __sbprintf
00116ef0 00000020 T _exit
00116f10 00000140 T chdir
00117050 000001c8 T _concatenate_path
00117218 0000009c T _fstat_r
001172b4 00000014 T _getpid_r
001172c8 0000002c T __getreent
001172f4 00000058 T __get_handle
0011734c 00000110 T _close_r
0011745c 00000008 t null_write
00117464 00000018 T setDefaultDevice
0011747c 000000c4 T FindDevice
00117540 00000028 T RemoveDevice
00117568 00000098 T AddDevice
00117600 00000020 T GetDeviceOpTab
00117620 00000008 T _isatty_r
00117628 00000014 T _kill_r
0011763c 00000094 T _lseek_r
001176d0 00000094 T _read_r
00117764 00000078 W _sbrk_r
001177dc 0000001c T __libc_lock_acquire
001177f8 0000001c T __libc_lock_release
00117814 0000001c T __libc_lock_acquire_recursive
00117830 0000001c T __libc_lock_release_recursive
0011784c 00000094 T _write_r
001178e0 00000048 T strrchr
00117928 T _fini
00298940 r .LC2
00298bd4 00000080 r dotab_stdout
00298c54 00000018 r grayScale
00298c6c 00000006 r colorCube
00298c74 00000030 r colorTable
00298cc0 00000008 r morton_y.2
00298cc8 00000008 r morton_x.3
00298cd0 00000008 r s_sleepWakeEvents.4
00298cd8 0000000c r serviceNameTable.5
00298ce4 R default_font_bin
002994e4 R default_font_bin_end
002994e4 00000030 r error_table
00299514 00000080 r archive_devoptab
00299594 00000101 R _ctype_
002997bc 00000010 r zeroes.0
002997cc 00000010 r blanks.1
002997e4 0000006c R __action_table
00299850 0000006c R __state_table
002998bc 00000100 R __chclass
002999bc 0000000c r p05.0
002999c8 00000028 R __mprec_bigtens
002999f0 000000c8 R __mprec_tens
00299ba4 00000010 r zeroes.0
00299bb4 00000010 r blanks.1
00299bc4 00000080 R dotab_stdnull
00299c44 R __tdata_align
00299c48 r __EH_FRAME_BEGIN__
00299c48 R __exidx_end
00299c48 R __exidx_start
0029a000 000e3d78 D frames
0037dd78 00000001 d firstConsoleInit.0
0037dd7c 00000004 D currentConsole
0037dd80 00000048 D defaultConsole
0037ddc8 00000004 d aptChainloadDeliverArgSize
0037ddcc 00000004 d kCount
0037ddd0 00000004 d kInterval
0037ddd4 00000004 d kDelay
0037ddd8 W __stacksize__
0037dddc 0000000c D __sglue
0037dde8 00000004 D __malloc_sbrk_base
0037ddec 00000004 D __malloc_trim_threshold
0037ddf0 00000408 D __malloc_av_
0037e1f8 00000004 D _impure_ptr
0037e200 00000140 D _impure_data
0037e340 0000016c D __global_locale
0037e4ac 00000400 d _current_working_directory
0037e8b0 00001000 d handles
0037f8b0 0000000c d __stderr_handle
0037f8bc 0000000c d __stdout_handle
0037f8c8 0000000c d __stdin_handle
0037f8d4 0000008c D devoptab_list
0037f960 00000004 d defaultDevice
0037f96c d _GLOBAL_OFFSET_TABLE_
0037f978 d __frame_dummy_init_array_entry
0037f978 D __init_array_start
0037f978 B __preinit_array_end
0037f978 B __preinit_array_start
0037f978 D __tdata_lma
0037f978 D __tdata_lma_end
0037f97c d __do_global_dtors_aux_fini_array_entry
0037f97c D __fini_array_start
0037f97c D __init_array_end
0037f980 D __bss_start__
0037f980 D __fini_array_end
0037f980 b completed.1
0037f984 b object.0
0037f99c 00000064 b escapeSeq
0037fa00 00000048 B currentCopy
0037fa48 00000004 b screenAlloc
0037fa4c 00000004 b screenFree
0037fa50 00000002 b gfxIsDoubleBuf
0037fa54 00000002 b gfxCurBuf
0037fa56 00000001 b gfxIsVram
0037fa57 00000001 b gfxTopMode
0037fa58 00000002 b gfxFramebufferFormats
0037fa5c 00000004 b gfxBottomFramebufferMaxSize
0037fa60 00000004 b gfxTopFramebufferMaxSize
0037fa68 00000008 b gfxBottomFramebuffers
0037fa70 00000008 b gfxTopFramebuffers
0037fa78 00000001 b flagValue.0
0037fa79 00000001 b flagInit.1
0037fa7c 00000004 b serviceName.6
0037fa80 00000001 b aptChainloadFlags
0037fa81 00000001 b aptChainloadMediatype
0037fa84 00000020 b aptChainloadHmac
0037faa4 00000300 b aptChainloadDeliverArg
0037fda8 00000008 b aptChainloadTid
0037fdb0 00001000 b aptParameters
00380db0 00000004 b aptFlags
00380db4 00000001 b aptHomeButtonState
00380db8 00000004 b aptMessageFuncData
00380dbc 00000004 b aptMessageFunc
00380dc0 0000000c b aptFirstHook
00380dcc 00000001 b aptEventHandlerThreadQuit
00380dd0 00000004 b aptEventHandlerThread
00380dd4 00000008 b aptSleepEvent
00380ddc 00000008 b aptReceiveEvent
00380de4 00000008 b aptEvents
00380dec 00000004 b aptLockHandle
00380df0 00000004 b aptRefCount
00380df4 00000007 b gspEventCbOneShot
00380dfc 0000001c b gspEventCbData
00380e18 0000001c b gspEventCb
00380e34 00000038 b gspEvents
00380e6c 00000004 b gspLastEvent
00380e70 00000001 b gspRunEvents
00380e74 00000004 b gspEventThread
00380e78 00000004 b gspEvent
00380e7c 00000001 b gspGpuRight
00380e7d 00000001 b gspThreadId
00380e80 00000004 b gspSharedMem
00380e84 00000004 b gspSharedMemHandle
00380e88 00000004 b gspRefCount
00380e8c 00000004 b gspGpuHandle
00380e90 00000001 b usingIrrst
00380e94 00000004 b hidRefCount
00380e98 00000006 b gRate
00380ea0 00000006 b aVec
00380ea8 00000004 b cPos
00380eac 00000004 b tPos
00380eb0 00000004 b kRepeat
00380eb4 00000004 b kUp
00380eb8 00000004 b kDown
00380ebc 00000004 b kHeld
00380ec0 00000004 b kOld
00380ec4 00000004 B hidSharedMem
00380ec8 00000014 B hidEvents
00380edc 00000004 B hidMemHandle
00380ee0 00000004 B hidHandle
00380ee4 00000004 b irrstRefCount
00380ee8 00000004 b csPos
00380eec 00000004 b kHeld
00380ef0 00000004 B irrstSharedMem
00380ef4 00000004 B irrstEvent
00380ef8 00000004 B irrstMemHandle
00380efc 00000004 B irrstHandle
00380f00 00000004 B __system_retAddr
00380f04 00000004 B __system_argv
00380f08 00000004 B __system_argc
00380f0c b saved_stack
00380f18 00000008 b sLinearPool
00380f20 0000000c b sAddrMap
00380f30 00000008 b sVramPoolB
00380f38 00000008 b sVramPoolA
00380f40 0000000c b sAddrMap
00380f4c 00000004 B __3dslink_host
00380f50 00000001 V __ctru_speedup
00380f54 00000004 b srvRefCount
00380f58 00000004 b srvHandle
00380f5c 00000004 b arbiter
00380f60 00000004 b currentAddr
00380f64 00000004 b maxAddr
00380f68 00000004 b minAddr
00380f6c 00000004 b ptmSysmRefCount
00380f70 00000004 b ptmSysmHandle
00380f74 00000004 b srvPmHandle
00380f78 00000004 V __ctru_linear_heap_size
00380f7c 00000004 V __ctru_heap_size
00380f80 00000004 B __ctru_linear_heap
00380f84 00000004 B __ctru_heap
00380f88 000005c0 b archive_devices
00381548 00000004 b archive_device_cwd
0038154c 00000001 b archive_initialized
00381550 00000080 b fsExemptArchives
003815d0 00000004 b fsuRefCount
003815d4 00000004 b fsuHandle
003815d8 0000000c b __sfp_recursive_mutex
003815e8 00000168 B __sf
00381750 00000004 B __stdio_exit_handler
00381754 00000028 B __malloc_current_mallinfo
0038177c 00000004 B __malloc_max_total_mem
00381780 00000004 B __malloc_max_sbrked_mem
00381784 00000004 B __malloc_top_pad
00381788 0000000c b __malloc_recursive_mutex
00381794 00000400 b temp_cwd
00381b94 00000004 b __hndl_lock
00381b98 00000004 B fake_heap_start
00381b9c 00000004 B fake_heap_end
00381ba0 00000004 b heap_start.0
00381ba4 B __tls_start
003827ac B __bss_end__
003827ac A __end__
003827ac B __tls_end
